Determining if the pthread_create exist failed with the following output:
Change Dir: /home/assisi/assisi-casu-beaglebone/build/CMakeFiles/CMakeTmp

Run Build Command:/usr/bin/make "cmTryCompileExec4149828877/fast"
/usr/bin/make -f CMakeFiles/cmTryCompileExec4149828877.dir/build.make CMakeFiles/cmTryCompileExec4149828877.dir/build
make[1]: Entering directory `/home/assisi/assisi-casu-beaglebone/build/CMakeFiles/CMakeTmp'
/usr/bin/cmake -E cmake_progress_report /home/assisi/assisi-casu-beaglebone/build/CMakeFiles/CMakeTmp/CMakeFiles 1
Building C object CMakeFiles/cmTryCompileExec4149828877.dir/CheckSymbolExists.c.o
/usr/bin/arm-linux-gnueabihf-gcc    -o CMakeFiles/cmTryCompileExec4149828877.dir/CheckSymbolExists.c.o   -c /home/assisi/assisi-casu-beaglebone/build/CMakeFiles/CMakeTmp/CheckSymbolExists.c
Linking C executable cmTryCompileExec4149828877
/usr/bin/cmake -E cmake_link_script CMakeFiles/cmTryCompileExec4149828877.dir/link.txt --verbose=1
/usr/bin/arm-linux-gnueabihf-gcc       CMakeFiles/cmTryCompileExec4149828877.dir/CheckSymbolExists.c.o  -o cmTryCompileExec4149828877 -rdynamic 
CMakeFiles/cmTryCompileExec4149828877.dir/CheckSymbolExists.c.o: In function `main':
CheckSymbolExists.c:(.text+0xe): undefined reference to `pthread_create'
CheckSymbolExists.c:(.text+0x12): undefined reference to `pthread_create'
collect2: error: ld returned 1 exit status
make[1]: Leaving directory `/home/assisi/assisi-casu-beaglebone/build/CMakeFiles/CMakeTmp'
make[1]: *** [cmTryCompileExec4149828877] Error 1
make: *** [cmTryCompileExec4149828877/fast] Error 2

File /home/assisi/assisi-casu-beaglebone/build/CMakeFiles/CMakeTmp/CheckSymbolExists.c:
/* */
#include <pthread.h>

int main(int argc, char** argv)
{
  (void)argv;
#ifndef pthread_create
  return ((int*)(&pthread_create))[argc];
#else
  (void)argc;
  return 0;
#endif
}

Determining if the function pthread_create exists in the pthreads failed with the following output:
Change Dir: /home/assisi/assisi-casu-beaglebone/build/CMakeFiles/CMakeTmp

Run Build Command:/usr/bin/make "cmTryCompileExec4048944852/fast"
/usr/bin/make -f CMakeFiles/cmTryCompileExec4048944852.dir/build.make CMakeFiles/cmTryCompileExec4048944852.dir/build
make[1]: Entering directory `/home/assisi/assisi-casu-beaglebone/build/CMakeFiles/CMakeTmp'
/usr/bin/cmake -E cmake_progress_report /home/assisi/assisi-casu-beaglebone/build/CMakeFiles/CMakeTmp/CMakeFiles 1
Building C object CMakeFiles/cmTryCompileExec4048944852.dir/CheckFunctionExists.c.o
/usr/bin/arm-linux-gnueabihf-gcc   -DCHECK_FUNCTION_EXISTS=pthread_create   -o CMakeFiles/cmTryCompileExec4048944852.dir/CheckFunctionExists.c.o   -c /usr/share/cmake-2.8/Modules/CheckFunctionExists.c
Linking C executable cmTryCompileExec4048944852
/usr/bin/cmake -E cmake_link_script CMakeFiles/cmTryCompileExec4048944852.dir/link.txt --verbose=1
/usr/bin/arm-linux-gnueabihf-gcc   -DCHECK_FUNCTION_EXISTS=pthread_create    CMakeFiles/cmTryCompileExec4048944852.dir/CheckFunctionExists.c.o  -o cmTryCompileExec4048944852 -rdynamic -lpthreads 
/usr/bin/ld: cannot findmake[1]: Leaving directory `/home/assisi/assisi-casu-beaglebone/build/CMakeFiles/CMakeTmp'
 -lpthreads
collect2: error: ld returned 1 exit status
make[1]: *** [cmTryCompileExec4048944852] Error 1
make: *** [cmTryCompileExec4048944852/fast] Error 2


